<?xml version="1.0" encoding="UTF-8"?>
<!-- Generated by org.testng.reporters.JUnitReportReporter -->
<testsuite skipped="0" hostname="DESKTOP-ASB5QBL" name="testNG.EmpRegTest_TestNG" tests="1" failures="0" timestamp="21 Dec 2019 02:14:14 GMT" time="14.116" errors="0">
  <testcase name="org_EmpReg" time="14.116" classname="testNG.EmpRegTest_TestNG"/>
</testsuite> <!-- testNG.EmpRegTest_TestNG -->
