<?xml version="1.0" encoding="UTF-8"?>
<!-- Generated by org.testng.reporters.JUnitReportReporter -->
<testsuite skipped="1" hostname="DESKTOP-ASB5QBL" name="testNG.AnnotaionsEg" tests="3" failures="0" timestamp="21 Dec 2019 01:05:31 GMT" time="0.046" errors="0">
  <testcase name="Apple" time="0.004" classname="testNG.AnnotaionsEg"/>
  <testcase name="Function2" time="0.004" classname="testNG.AnnotaionsEg">
    <skipped/>
  </testcase> <!-- Function2 -->
  <testcase name="Function1" time="0.038" classname="testNG.AnnotaionsEg"/>
</testsuite> <!-- testNG.AnnotaionsEg -->
