<?xml version="1.0" encoding="UTF-8"?>
<!-- Generated by org.testng.reporters.JUnitReportReporter -->
<testsuite skipped="0" hostname="DESKTOP-ASB5QBL" name="testNG.UserReg_TestNG" tests="1" failures="0" timestamp="21 Dec 2019 02:14:14 GMT" time="17.413" errors="0">
  <testcase name="org_UserReg" time="17.413" classname="testNG.UserReg_TestNG"/>
</testsuite> <!-- testNG.UserReg_TestNG -->
